app/build/intermediates/manifest_merge_blame_file/debug/manifest-merger-blame-debug-report.txt
1<?xml version="1.0" encoding="utf-8"?>
2<manifest xmlns:android="http://schemas.android.com/apk/res/android"
3    package="com.kim344.kotlinutils"
4    android:versionCode="1"
5    android:versionName="1.0" >
6
7    <uses-sdk
8        android:minSdkVersion="22"
8-->src\main\AndroidManifest.xml
9        android:targetSdkVersion="29" />
9-->src\main\AndroidManifest.xml
10
11    <uses-permission android:name="android.permission.INTERNET" /> <!-- 통신상태 변경 -->
11-->src\main\AndroidManifest.xml:7:5-67
11-->src\main\AndroidManifest.xml:7:22-64
12    <uses-permission android:name="android.permission.CHANGE_NETWORK_STATE" /> <!-- 네트워크 상태 접근 -->
12-->src\main\AndroidManifest.xml:8:5-79
12-->src\main\AndroidManifest.xml:8:22-76
13    <uses-permission android:name="android.permission.ACCESS_NETWORK_STATE" /> <!-- WiFi 상태 변경 -->
13-->src\main\AndroidManifest.xml:9:5-79
13-->src\main\AndroidManifest.xml:9:22-76
14    <uses-permission android:name="android.permission.CHANGE_WIFI_STATE" /> <!-- WiFi 상태 접근 -->
14-->src\main\AndroidManifest.xml:10:5-76
14-->src\main\AndroidManifest.xml:10:22-73
15    <uses-permission android:name="android.permission.ACCESS_WIFI_STATE" /> <!-- 내장파일 접근 -->
15-->src\main\AndroidManifest.xml:11:5-76
15-->src\main\AndroidManifest.xml:11:22-73
16    <uses-permission android:name="android.permission.READ_EXTERNAL_STORAGE" /> <!-- 내장파일 사용 -->
16-->src\main\AndroidManifest.xml:12:5-80
16-->src\main\AndroidManifest.xml:12:22-77
17    <uses-permission android:name="android.permission.WRITE_EXTERNAL_STORAGE" /> <!-- 휴대폰 상태 접근 -->
17-->src\main\AndroidManifest.xml:13:5-81
17-->src\main\AndroidManifest.xml:13:22-78
18    <uses-permission android:name="android.permission.WAKE_LOCK" /> <!-- 진동 -->
18-->src\main\AndroidManifest.xml:14:5-68
18-->src\main\AndroidManifest.xml:14:22-65
19    <uses-permission android:name="android.permission.VIBRATE" /> <!-- 화면깨우기 -->
19-->src\main\AndroidManifest.xml:15:5-66
19-->src\main\AndroidManifest.xml:15:22-63
20    <uses-permission android:name="android.permission.DISABLE_KEYGUARD" />
20-->src\main\AndroidManifest.xml:16:5-75
20-->src\main\AndroidManifest.xml:16:22-72
21    <uses-permission android:name="android.permission.GET_ACCOUNTS" />
21-->src\main\AndroidManifest.xml:17:5-71
21-->src\main\AndroidManifest.xml:17:22-68
22    <uses-permission android:name="android.permission.RECEIVE_BOOT_COMPLETED" /> <!-- 핸드폰 번호 불러오기 -->
22-->src\main\AndroidManifest.xml:18:5-81
22-->src\main\AndroidManifest.xml:18:22-78
23    <uses-permission android:name="android.permission.READ_PHONE_STATE" />
23-->src\main\AndroidManifest.xml:19:5-75
23-->src\main\AndroidManifest.xml:19:22-72
24
25    <application
25-->src\main\AndroidManifest.xml:21:5-44:19
26        android:allowBackup="true"
26-->src\main\AndroidManifest.xml:22:9-35
27        android:appComponentFactory="androidx.core.app.CoreComponentFactory"
27-->[androidx.core:core:1.1.0] AndroidManifest.xml:24:18-86
28        android:debuggable="true"
29        android:icon="@mipmap/ic_launcher"
29-->src\main\AndroidManifest.xml:23:9-43
30        android:label="@string/app_name"
30-->src\main\AndroidManifest.xml:24:9-41
31        android:roundIcon="@mipmap/ic_launcher_round"
31-->src\main\AndroidManifest.xml:25:9-54
32        android:supportsRtl="true"
32-->src\main\AndroidManifest.xml:26:9-35
33        android:testOnly="true"
34        android:theme="@style/ToolbarTheme" >
34-->src\main\AndroidManifest.xml:27:9-44
35        <activity android:name="com.kim344.kotlinutils.MainActivity" >
35-->src\main\AndroidManifest.xml:28:9-34:20
35-->src\main\AndroidManifest.xml:28:19-47
36            <intent-filter>
36-->src\main\AndroidManifest.xml:29:13-33:29
37                <action android:name="android.intent.action.MAIN" />
37-->src\main\AndroidManifest.xml:30:17-68
37-->src\main\AndroidManifest.xml:30:25-66
38
39                <category android:name="android.intent.category.LAUNCHER" />
39-->src\main\AndroidManifest.xml:32:17-76
39-->src\main\AndroidManifest.xml:32:27-74
40            </intent-filter>
41        </activity>
42        <activity android:name="com.kim344.kotlinutils.fragment.FragmentActivity" />
42-->src\main\AndroidManifest.xml:36:9-62
42-->src\main\AndroidManifest.xml:36:19-60
43        <activity android:name="com.kim344.kotlinutils.recycler.RecyclerActivity" />
43-->src\main\AndroidManifest.xml:37:9-62
43-->src\main\AndroidManifest.xml:37:19-60
44        <activity android:name="com.kim344.kotlinutils.recycler.RecyclerDetailActivity" />
44-->src\main\AndroidManifest.xml:38:9-68
44-->src\main\AndroidManifest.xml:38:19-66
45        <activity android:name="com.kim344.kotlinutils.tablayout.TabLayoutActivity" />
45-->src\main\AndroidManifest.xml:39:9-64
45-->src\main\AndroidManifest.xml:39:19-62
46        <activity android:name="com.kim344.kotlinutils.retrofit2.RetrofitActivity" />
46-->src\main\AndroidManifest.xml:40:9-63
46-->src\main\AndroidManifest.xml:40:19-61
47        <activity android:name="com.kim344.kotlinutils.permission.PermissionActivity" />
47-->src\main\AndroidManifest.xml:41:9-66
47-->src\main\AndroidManifest.xml:41:19-64
48        <activity android:name="com.kim344.kotlinutils.dialog.DialogActivity" />
48-->src\main\AndroidManifest.xml:42:9-58
48-->src\main\AndroidManifest.xml:42:19-56
49        <activity
49-->[gun0912.ted:tedpermission:2.0.0] AndroidManifest.xml:10:9-12:67
50            android:name="com.gun0912.tedpermission.TedPermissionActivity"
50-->[gun0912.ted:tedpermission:2.0.0] AndroidManifest.xml:11:13-75
51            android:theme="@style/Theme.Transparent.Permission" />
51-->[gun0912.ted:tedpermission:2.0.0] AndroidManifest.xml:12:13-64
52    </application>
53
54</manifest>